C:\Users\Utente\Desktop\MO-S_3_AMBIENTECUCINA\KNOXHULT_003.267.96.dwg,A711,12/06/2017 23:44:57,Utente,AutoCAD PDF (High Quality Print).pc3,ISO pagina intera A1 (841 x 594 mm),1:1,
C:\Users\Utente\Desktop\MO-S_3_AMBIENTECUCINA\KNOXHULT_003.267.96.dwg,A712,12/06/2017 23:45:06,Utente,AutoCAD PDF (High Quality Print).pc3,ISO pagina intera A1 (841 x 594 mm),1:1,
C:\Users\Utente\Desktop\MO-S_3_AMBIENTECUCINA\KNOXHULT_003.267.96.dwg,A712,12/06/2017 23:46:16,Utente,AutoCAD PDF (High Quality Print).pc3,ISO pagina intera A1 (841 x 594 mm),1:1,
C:\Users\Utente\Desktop\MO-S_3_AMBIENTECUCINA\KNOXHULT_003.267.96.dwg,A713,12/06/2017 23:47:09,Utente,AutoCAD PDF (High Quality Print).pc3,ISO pagina intera A1 (841 x 594 mm),1:1,
C:\Users\Utente\Desktop\MO-S_3_AMBIENTECUCINA\KNOXHULT_003.267.96.dwg,A714,12/06/2017 23:47:25,Utente,AutoCAD PDF (High Quality Print).pc3,ISO pagina intera A1 (841 x 594 mm),1:1,
C:\Users\Utente\Desktop\MO-S_3_AMBIENTECUCINA\LAGAN_100.850.27.dwg,A771,04/07/2017 03:52:01,Utente,AutoCAD PDF (High Quality Print).pc3,ISO pagina intera A2 (594 x 420 mm),1:1,
C:\Users\Utente\Desktop\MO-S_3_AMBIENTECUCINA\LAGAN_201.521.96.dwg,A711,04/07/2017 03:54:28,Utente,AutoCAD PDF (High Quality Print).pc3,ISO pagina intera A2 (594 x 420 mm),1:1,
C:\Users\Utente\Desktop\MO-S_3_AMBIENTECUCINA\LAGAN_501.560.08.dwg,A710,04/07/2017 03:56:11,Utente,AutoCAD PDF (High Quality Print).pc3,ISO pagina intera A2 (594 x 420 mm),1:1,
C:\Users\Utente\Desktop\MO-S_3_AMBIENTECUCINA\KNOXHULT_803.267.97.dwg,A711,04/07/2017 04:22:58,Utente,AutoCAD PDF (High Quality Print).pc3,ISO pagina intera A2 (594 x 420 mm),1:1,
C:\Users\Utente\Desktop\MO-S_3_AMBIENTECUCINA\KNOXHULT_803.267.97.dwg,A711,04/07/2017 04:24:40,Utente,AutoCAD PDF (High Quality Print).pc3,ISO pagina intera A2 (594 x 420 mm),1:1,
C:\Users\Utente\Desktop\MO-S_3_AMBIENTECUCINA\KNOXHULT_803.267.97.dwg,A711,04/07/2017 04:56:22,Utente,AutoCAD PDF (High Quality Print).pc3,ISO pagina intera A2 (594 x 420 mm),1:1,
C:\Users\Utente\Desktop\MO-S_3_AMBIENTECUCINA\KNOXHULT_803.267.97.dwg,A712,04/07/2017 04:56:32,Utente,AutoCAD PDF (High Quality Print).pc3,ISO pagina intera A2 (594 x 420 mm),1:1,
C:\Users\Utente\Desktop\MO-S_3_AMBIENTECUCINA\KNOXHULT_803.267.97.dwg,A713,04/07/2017 04:56:59,Utente,AutoCAD PDF (High Quality Print).pc3,ISO pagina intera A2 (594 x 420 mm),1:1,
C:\Users\Utente\Desktop\MO-S_3_AMBIENTECUCINA\KNOXHULT_803.267.97.dwg,A714,04/07/2017 04:57:11,Utente,AutoCAD PDF (High Quality Print).pc3,ISO pagina intera A2 (594 x 420 mm),1:1,
C:\Users\Utente\Desktop\MO-S_3_AMBIENTECUCINA\KNOXHULT_003.267.96.dwg,A721,04/07/2017 05:02:00,Utente,AutoCAD PDF (High Quality Print).pc3,ISO pagina intera A1 (841 x 594 mm),1:1,
C:\Users\Utente\Desktop\MO-S_3_AMBIENTECUCINA\KNOXHULT_003.267.96.dwg,A721,04/07/2017 05:14:49,Utente,AutoCAD PDF (High Quality Print).pc3,ISO pagina intera A1 (841 x 594 mm),1:1,
C:\Users\Utente\Desktop\MO-S_3_AMBIENTECUCINA\KNOXHULT_003.267.96.dwg,A722,04/07/2017 05:15:24,Utente,AutoCAD PDF (High Quality Print).pc3,ISO pagina intera A1 (841 x 594 mm),1:1,
C:\Users\Utente\Desktop\MO-S_3_AMBIENTECUCINA\KNOXHULT_003.267.96.dwg,A722,04/07/2017 05:18:53,Utente,AutoCAD PDF (High Quality Print).pc3,ISO pagina intera A1 (841 x 594 mm),1:1,
C:\Users\Utente\Desktop\MO-S_3_AMBIENTECUCINA\KNOXHULT_003.267.96.dwg,A723,04/07/2017 05:19:02,Utente,AutoCAD PDF (High Quality Print).pc3,ISO pagina intera A1 (841 x 594 mm),1:1,
C:\Users\Utente\Desktop\MO-S_3_AMBIENTECUCINA\KNOXHULT_003.267.96.dwg,A724,04/07/2017 05:19:19,Utente,AutoCAD PDF (High Quality Print).pc3,ISO pagina intera A1 (841 x 594 mm),1:1,
C:\Users\Utente\Desktop\MO-S_3_AMBIENTECUCINA\MO-S_3_CUCINA.dwg,A401,04/07/2017 13:59:19,Utente,AutoCAD PDF (High Quality Print).pc3,ISO pagina intera A1 (841 x 594 mm),1:1,
C:\Users\Utente\Desktop\MO-S_3_AMBIENTECUCINA\KNOXHULT_003.267.96.dwg,A722,17/07/2017 17:12:58,Utente,AutoCAD PDF (High Quality Print).pc3,ISO pagina intera A1 (841 x 594 mm),1:1,
C:\Users\Utente\Desktop\MO-S_3_AMBIENTECUCINA\KNOXHULT_003.267.96.dwg,A723,17/07/2017 17:13:21,Utente,AutoCAD PDF (High Quality Print).pc3,ISO pagina intera A1 (841 x 594 mm),1:1,
C:\Users\Utente\Desktop\MO-S_3_AMBIENTECUCINA\KNOXHULT_003.267.96.dwg,A724,17/07/2017 17:14:01,Utente,AutoCAD PDF (High Quality Print).pc3,ISO pagina intera A1 (841 x 594 mm),1:1,
C:\Users\Utente\Desktop\MO-S_3_AMBIENTECUCINA\KNOXHULT_203.267.95.dwg,A731,17/07/2017 17:19:26,Utente,AutoCAD PDF (High Quality Print).pc3,ISO pagina intera A2 (594 x 420 mm),1:1,
C:\Users\Utente\Desktop\MO-S_3_AMBIENTECUCINA\KNOXHULT_203.267.95.dwg,A732,17/07/2017 17:19:44,Utente,AutoCAD PDF (High Quality Print).pc3,ISO pagina intera A2 (594 x 420 mm),1:1,
C:\Users\Utente\Desktop\MO-S_3_AMBIENTECUCINA\KNOXHULT_203.267.95.dwg,A733,17/07/2017 17:20:43,Utente,AutoCAD PDF (High Quality Print).pc3,ISO pagina intera A1 (841 x 594 mm),1:1,
C:\Users\Utente\Desktop\MO-S_3_AMBIENTECUCINA\KNOXHULT_203.267.95.dwg,A734,17/07/2017 17:21:33,Utente,AutoCAD PDF (High Quality Print).pc3,ISO pagina intera A2 (594 x 420 mm),1:1,
C:\Users\Utente\Desktop\MO-S_3_AMBIENTECUCINA\KNOXHULT_203.267.95.dwg,A733,17/07/2017 17:21:46,Utente,AutoCAD PDF (High Quality Print).pc3,ISO pagina intera A1 (841 x 594 mm),1:1,
C:\Users\Utente\Desktop\MO-S_3_AMBIENTECUCINA\KNOXHULT_203.267.95.dwg,A732,17/07/2017 17:22:13,Utente,AutoCAD PDF (High Quality Print).pc3,ISO pagina intera A2 (594 x 420 mm),1:1,
C:\Users\Utente\Desktop\MO-S_3_AMBIENTECUCINA\KNOXHULT_003.267.96.dwg,A724,17/07/2017 17:26:18,Utente,AutoCAD PDF (High Quality Print).pc3,ISO pagina intera A1 (841 x 594 mm),1:1,
C:\Users\Utente\Desktop\MO-S_3_AMBIENTECUCINA\KNOXHULT_203.267.95.dwg,A731,17/07/2017 17:27:51,Utente,AutoCAD PDF (High Quality Print).pc3,ISO pagina intera A2 (594 x 420 mm),1:1,
C:\Users\Utente\Desktop\MO-S_3_AMBIENTECUCINA\KNOXHULT_203.267.95.dwg,A731,17/07/2017 17:28:17,Utente,AutoCAD PDF (High Quality Print).pc3,ISO pagina intera A2 (594 x 420 mm),1:1,
C:\Users\Utente\Desktop\MO-S_3_AMBIENTECUCINA\KNOXHULT_203.267.95.dwg,A732,17/07/2017 17:28:33,Utente,AutoCAD PDF (High Quality Print).pc3,ISO pagina intera A2 (594 x 420 mm),1:1,
C:\Users\Utente\Desktop\MO-S_3_AMBIENTECUCINA\KNOXHULT_203.267.95.dwg,A733,17/07/2017 17:28:47,Utente,AutoCAD PDF (High Quality Print).pc3,ISO pagina intera A1 (841 x 594 mm),1:1,
C:\Users\Utente\Desktop\MO-S_3_AMBIENTECUCINA\KNOXHULT_203.267.95.dwg,A734,17/07/2017 17:29:00,Utente,AutoCAD PDF (High Quality Print).pc3,ISO pagina intera A1 (841 x 594 mm),1:1,
C:\Users\Utente\Desktop\MO-S_3_AMBIENTECUCINA\KNOXHULT_203.267.95.dwg,A734,17/07/2017 17:29:17,Utente,AutoCAD PDF (High Quality Print).pc3,ISO pagina intera A2 (594 x 420 mm),1:1,
C:\Users\Utente\Desktop\MO-S_3_AMBIENTECUCINA\KNOXHULT_803.267.97.dwg,A711,17/07/2017 17:33:52,Utente,AutoCAD PDF (High Quality Print).pc3,ISO pagina intera A2 (594 x 420 mm),1:1,
C:\Users\Utente\Desktop\MO-S_3_AMBIENTECUCINA\KNOXHULT_803.267.97.dwg,A712,17/07/2017 17:34:09,Utente,AutoCAD PDF (High Quality Print).pc3,ISO pagina intera A2 (594 x 420 mm),1:1,
C:\Users\Utente\Desktop\MO-S_3_AMBIENTECUCINA\KNOXHULT_803.267.97.dwg,A713,17/07/2017 17:34:22,Utente,AutoCAD PDF (High Quality Print).pc3,ISO pagina intera A2 (594 x 420 mm),1:1,
C:\Users\Utente\Desktop\MO-S_3_AMBIENTECUCINA\KNOXHULT_803.267.97.dwg,A714,17/07/2017 17:34:31,Utente,AutoCAD PDF (High Quality Print).pc3,ISO pagina intera A2 (594 x 420 mm),1:1,
C:\Users\Utente\Desktop\MO-S_3_AMBIENTECUCINA\KNOXHULT_703.267.93.dwg,A741,17/07/2017 17:36:10,Utente,AutoCAD PDF (High Quality Print).pc3,ISO pagina intera A1 (841 x 594 mm),1:1,
C:\Users\Utente\Desktop\MO-S_3_AMBIENTECUCINA\KNOXHULT_703.267.93.dwg,A741,17/07/2017 17:37:12,Utente,AutoCAD PDF (High Quality Print).pc3,ISO pagina intera A1 (841 x 594 mm),1:1,
C:\Users\Utente\Desktop\MO-S_3_AMBIENTECUCINA\KNOXHULT_703.267.93.dwg,A742,17/07/2017 17:37:23,Utente,AutoCAD PDF (High Quality Print).pc3,ISO pagina intera A1 (841 x 594 mm),1:1,
C:\Users\Utente\Desktop\MO-S_3_AMBIENTECUCINA\KNOXHULT_703.267.93.dwg,A743,17/07/2017 17:37:39,Utente,AutoCAD PDF (High Quality Print).pc3,ISO pagina intera A2 (594 x 420 mm),1:1,
C:\Users\Utente\Desktop\MO-S_3_AMBIENTECUCINA\LAGAN_100.850.27.dwg,A771,17/07/2017 17:39:49,Utente,AutoCAD PDF (High Quality Print).pc3,ISO pagina intera A2 (594 x 420 mm),1:1,
C:\Users\Utente\Desktop\MO-S_3_AMBIENTECUCINA\LAGAN_201.521.96.dwg,A711,17/07/2017 17:41:18,Utente,AutoCAD PDF (High Quality Print).pc3,ISO pagina intera A2 (594 x 420 mm),1:1,
C:\Users\Utente\Desktop\MO-S_3_AMBIENTECUCINA\LAGAN_501.560.08.dwg,A761,17/07/2017 17:43:28,Utente,AutoCAD PDF (High Quality Print).pc3,ISO pagina intera A2 (594 x 420 mm),1:1,
C:\Users\Utente\Desktop\MO-S_3_AMBIENTECUCINA\LAGAN_501.560.08.dwg,A761,17/07/2017 17:43:57,Utente,AutoCAD PDF (High Quality Print).pc3,ISO pagina intera A2 (594 x 420 mm),1:1,
C:\Users\Utente\Desktop\MO-S_3_AMBIENTECUCINA\MO-S_3_CUCINA.dwg,A401,17/07/2017 22:25:13,Utente,Adobe PDF,A1,1:1,
C:\Users\Utente\Desktop\MO-S_3_AMBIENTECUCINA\MO-S_3_CUCINA.dwg,A401,17/07/2017 22:26:32,Utente,Adobe PDF,A1,1:25.4,
C:\Users\Utente\Desktop\MO-S_3_AMBIENTECUCINA\KNOXHULT_003.267.96.dwg,A721,17/07/2017 22:31:19,Utente,Adobe PDF,A1,1:25.4,
C:\Users\Utente\Desktop\MO-S_3_AMBIENTECUCINA\KNOXHULT_003.267.96.dwg,A722,17/07/2017 22:32:14,Utente,Adobe PDF,A1,1:25.4,
C:\Users\Utente\Desktop\MO-S_3_AMBIENTECUCINA\KNOXHULT_003.267.96.dwg,A723,17/07/2017 22:32:39,Utente,Adobe PDF,A1,1:25.4,
C:\Users\Utente\Desktop\MO-S_3_AMBIENTECUCINA\LAGAN_100.850.27.dwg,A771,17/07/2017 22:49:54,Utente,Adobe PDF,A2,1:1,
C:\Users\Utente\Desktop\MO-S_3_AMBIENTECUCINA\KNOXHULT_803.267.97.dwg,A711,17/07/2017 22:50:53,Utente,Adobe PDF,A2,1:1,
C:\Users\Utente\Desktop\MO-S_3_AMBIENTECUCINA\KNOXHULT_803.267.97.dwg,A712,17/07/2017 22:52:35,Utente,Adobe PDF,A2,1:1,
C:\Users\Utente\Desktop\MO-S_3_AMBIENTECUCINA\KNOXHULT_803.267.97.dwg,A711,18/07/2017 07:34:20,Utente,Adobe PDF,A2,1:1,
C:\Users\Utente\Desktop\MO-S_3_AMBIENTECUCINA\KNOXHULT_803.267.97.dwg,A712,18/07/2017 07:36:30,Utente,AutoCAD PDF (High Quality Print).pc3,ISO pagina intera A2 (594 x 420 mm),1:1,
C:\Users\Utente\Desktop\MO-S_3_AMBIENTECUCINA\KNOXHULT_803.267.97.dwg,A713,18/07/2017 07:36:50,Utente,AutoCAD PDF (High Quality Print).pc3,ISO pagina intera A2 (594 x 420 mm),1:1,
C:\Users\Utente\Desktop\MO-S_3_AMBIENTECUCINA\KNOXHULT_803.267.97.dwg,A714,18/07/2017 07:37:15,Utente,AutoCAD PDF (High Quality Print).pc3,ISO pagina intera A2 (594 x 420 mm),1:1,
C:\Users\Utente\Desktop\MO-S_3_AMBIENTECUCINA\KNOXHULT_003.267.96.dwg,A722,04/09/2017 12:15:17,Utente,AutoCAD PDF (High Quality Print).pc3,ISO pagina intera A1 (841 x 594 mm),1:1,
C:\Users\Utente\Desktop\MO-S_3_AMBIENTECUCINA\KNOXHULT_003.267.96.dwg,A723,04/09/2017 12:16:10,Utente,AutoCAD PDF (High Quality Print).pc3,ISO pagina intera A1 (841 x 594 mm),1:1,
C:\Users\Utente\Desktop\MO-S_3_AMBIENTECUCINA\KNOXHULT_003.267.96.dwg,A724,04/09/2017 12:22:44,Utente,AutoCAD PDF (High Quality Print).pc3,ISO pagina intera A1 (841 x 594 mm),1:1,
C:\Users\Utente\Desktop\MO-S_3_AMBIENTECUCINA\KNOXHULT_203.267.95.dwg,A731,04/09/2017 12:38:01,Utente,AutoCAD PDF (High Quality Print).pc3,ISO pagina intera A2 (594 x 420 mm),1:1,
C:\Users\Utente\Desktop\MO-S_3_AMBIENTECUCINA\KNOXHULT_203.267.95.dwg,A732,04/09/2017 12:39:25,Utente,AutoCAD PDF (High Quality Print).pc3,ISO pagina intera A2 (594 x 420 mm),1:1,
C:\Users\Utente\Desktop\MO-S_3_AMBIENTECUCINA\KNOXHULT_203.267.95.dwg,A733,04/09/2017 12:41:06,Utente,AutoCAD PDF (High Quality Print).pc3,ISO pagina intera A1 (841 x 594 mm),1:1,
C:\Users\Utente\Desktop\MO-S_3_AMBIENTECUCINA\KNOXHULT_203.267.95.dwg,A734,04/09/2017 12:42:09,Utente,AutoCAD PDF (High Quality Print).pc3,ISO pagina intera A2 (594 x 420 mm),1:1,
C:\Users\Utente\Desktop\MO-S_3_AMBIENTECUCINA\KNOXHULT_203.267.95.dwg,A735,04/09/2017 12:42:38,Utente,AutoCAD PDF (High Quality Print).pc3,ISO pagina intera A2 (594 x 420 mm),1:1,
C:\Users\Utente\Desktop\MO-S_3_AMBIENTECUCINA\KNOXHULT_203.267.95.dwg,A734,04/09/2017 12:42:53,Utente,AutoCAD PDF (High Quality Print).pc3,ISO pagina intera A2 (594 x 420 mm),1:1,
C:\Users\Utente\Desktop\MO-S_3_AMBIENTECUCINA\KNOXHULT_703.267.93.dwg,A741,04/09/2017 12:49:54,Utente,AutoCAD PDF (High Quality Print).pc3,ISO pagina intera A1 (841 x 594 mm),1:1,
C:\Users\Utente\Desktop\MO-S_3_AMBIENTECUCINA\KNOXHULT_703.267.93.dwg,A742,04/09/2017 12:50:30,Utente,AutoCAD PDF (High Quality Print).pc3,ISO pagina intera A1 (841 x 594 mm),1:1,
C:\Users\Utente\Desktop\MO-S_3_AMBIENTECUCINA\KNOXHULT_703.267.93.dwg,A743,04/09/2017 12:51:07,Utente,AutoCAD PDF (High Quality Print).pc3,ISO pagina intera A2 (594 x 420 mm),1:1,
C:\Users\Utente\Desktop\MO-S_3_AMBIENTECUCINA\KNOXHULT_803.267.97.dwg,A711,04/09/2017 12:52:38,Utente,AutoCAD PDF (High Quality Print).pc3,ISO pagina intera A2 (594 x 420 mm),1:1,
C:\Users\Utente\Desktop\MO-S_3_AMBIENTECUCINA\KNOXHULT_803.267.97.dwg,A712,04/09/2017 12:53:01,Utente,AutoCAD PDF (High Quality Print).pc3,ISO pagina intera A2 (594 x 420 mm),1:1,
C:\Users\Utente\Desktop\MO-S_3_AMBIENTECUCINA\KNOXHULT_803.267.97.dwg,A713,04/09/2017 12:53:17,Utente,AutoCAD PDF (High Quality Print).pc3,ISO pagina intera A2 (594 x 420 mm),1:1,
C:\Users\Utente\Desktop\MO-S_3_AMBIENTECUCINA\KNOXHULT_803.267.97.dwg,A714,04/09/2017 12:53:39,Utente,AutoCAD PDF (High Quality Print).pc3,ISO pagina intera A2 (594 x 420 mm),1:1,
